<?xml version="1.0" encoding="UTF-8"?>
<testsuite name="jobshop.encodings.EncodingTests" tests="2" skipped="0" failures="0" errors="0" timestamp="2020-03-26T13:17:02" hostname="emna-Lenovo-Z51-70" time="0.443">
  <properties/>
  <testcase name="testBasicSolver" classname="jobshop.encodings.EncodingTests" time="0.432"/>
  <testcase name="testJobNumbers" classname="jobshop.encodings.EncodingTests" time="0.01"/>
  <system-out><![CDATA[jobshop.Schedule@72f964b3
]]></system-out>
  <system-err><![CDATA[]]></system-err>
</testsuite>
